AndroidMouse/wear/build/outputs/logs/manifest-merger-release-report.txt
-- Merging decision tree log ---
manifest
ADDED from src/main/AndroidManifest.xml:2:1-57:12
	package
		ADDED from src/main/AndroidManifest.xml:3:5-46
		INJECTED from src/main/AndroidManifest.xml
		INJECTED from src/main/AndroidManifest.xml
	android:versionName
		INJECTED from src/main/AndroidManifest.xml
		INJECTED from src/main/AndroidManifest.xml
	xmlns:android
		ADDED from src/main/AndroidManifest.xml:2:11-69
	android:versionCode
		INJECTED from src/main/AndroidManifest.xml
		INJECTED from src/main/AndroidManifest.xml
uses-feature#android.hardware.type.watch
ADDED from src/main/AndroidManifest.xml:5:5-64
	android:name
		ADDED from src/main/AndroidManifest.xml:5:19-61
application
ADDED from src/main/AndroidManifest.xml:7:5-55:19
MERGED from [com.google.android.support:wearable:2.0.0-alpha2] AndroidManifest.xml:6:5-19
MERGED from [com.android.support:support-v4:23.0.1] AndroidManifest.xml:22:5-20
MERGED from [com.android.support:support-v4:23.0.1] AndroidManifest.xml:22:5-20
MERGED from [com.google.android.gms:play-services:7.5.0] AndroidManifest.xml:19:5-20
MERGED from [com.google.android.gms:play-services-ads:7.5.0] AndroidManifest.xml:24:5-32:19
MERGED from [com.google.android.gms:play-services-base:7.5.0] AndroidManifest.xml:20:5-24:19
MERGED from [com.android.support:support-v4:23.0.1] AndroidManifest.xml:22:5-20
MERGED from [com.google.android.gms:play-services-analytics:7.5.0] AndroidManifest.xml:24:5-20
MERGED from [com.google.android.gms:play-services-base:7.5.0] AndroidManifest.xml:20:5-24:19
MERGED from [com.android.support:support-v4:23.0.1] AndroidManifest.xml:22:5-20
MERGED from [com.google.android.gms:play-services-analytics:7.5.0] AndroidManifest.xml:24:5-20
MERGED from [com.google.android.gms:play-services-base:7.5.0] AndroidManifest.xml:20:5-24:19
MERGED from [com.android.support:support-v4:23.0.1] AndroidManifest.xml:22:5-20
MERGED from [com.google.android.gms:play-services-appindexing:7.5.0] AndroidManifest.xml:19:5-20
MERGED from [com.google.android.gms:play-services-base:7.5.0] AndroidManifest.xml:20:5-24:19
MERGED from [com.android.support:support-v4:23.0.1] AndroidManifest.xml:22:5-20
MERGED from [com.google.android.gms:play-services-appinvite:7.5.0] AndroidManifest.xml:20:5-20
MERGED from [com.google.android.gms:play-services-base:7.5.0] AndroidManifest.xml:20:5-24:19
MERGED from [com.android.support:support-v4:23.0.1] AndroidManifest.xml:22:5-20
MERGED from [com.google.android.gms:play-services-appstate:7.5.0] AndroidManifest.xml:19:5-20
MERGED from [com.google.android.gms:play-services-base:7.5.0] AndroidManifest.xml:20:5-24:19
MERGED from [com.android.support:support-v4:23.0.1] AndroidManifest.xml:22:5-20
MERGED from [com.google.android.gms:play-services-base:7.5.0] AndroidManifest.xml:20:5-24:19
MERGED from [com.android.support:support-v4:23.0.1] AndroidManifest.xml:22:5-20
MERGED from [com.google.android.gms:play-services-cast:7.5.0] AndroidManifest.xml:19:5-20
MERGED from [com.google.android.gms:play-services-base:7.5.0] AndroidManifest.xml:20:5-24:19
MERGED from [com.android.support:support-v4:23.0.1] AndroidManifest.xml:22:5-20
MERGED from [com.android.support:mediarouter-v7:22.0.0] AndroidManifest.xml:22:5-20
MERGED from [com.android.support:appcompat-v7:22.0.0] AndroidManifest.xml:22:5-20
MERGED from [com.android.support:support-v4:23.0.1] AndroidManifest.xml:22:5-20
MERGED from [com.google.android.gms:play-services-drive:7.5.0] AndroidManifest.xml:19:5-20
MERGED from [com.google.android.gms:play-services-base:7.5.0] AndroidManifest.xml:20:5-24:19
MERGED from [com.android.support:support-v4:23.0.1] AndroidManifest.xml:22:5-20
MERGED from [com.google.android.gms:play-services-fitness:7.5.0] AndroidManifest.xml:19:5-20
MERGED from [com.google.android.gms:play-services-base:7.5.0] AndroidManifest.xml:20:5-24:19
MERGED from [com.android.support:support-v4:23.0.1] AndroidManifest.xml:22:5-20
MERGED from [com.google.android.gms:play-services-location:7.5.0] AndroidManifest.xml:19:5-20
MERGED from [com.google.android.gms:play-services-base:7.5.0] AndroidManifest.xml:20:5-24:19
MERGED from [com.android.support:support-v4:23.0.1] AndroidManifest.xml:22:5-20
MERGED from [com.google.android.gms:play-services-maps:7.5.0] AndroidManifest.xml:29:5-20
MERGED from [com.google.android.gms:play-services-base:7.5.0] AndroidManifest.xml:20:5-24:19
MERGED from [com.android.support:support-v4:23.0.1] AndroidManifest.xml:22:5-20
MERGED from [com.google.android.gms:play-services-games:7.5.0] AndroidManifest.xml:19:5-20
MERGED from [com.google.android.gms:play-services-base:7.5.0] AndroidManifest.xml:20:5-24:19
MERGED from [com.android.support:support-v4:23.0.1] AndroidManifest.xml:22:5-20
MERGED from [com.google.android.gms:play-services-drive:7.5.0] AndroidManifest.xml:19:5-20
MERGED from [com.google.android.gms:play-services-base:7.5.0] AndroidManifest.xml:20:5-24:19
MERGED from [com.android.support:support-v4:23.0.1] AndroidManifest.xml:22:5-20
MERGED from [com.google.android.gms:play-services-gcm:7.5.0] AndroidManifest.xml:19:5-20
MERGED from [com.google.android.gms:play-services-base:7.5.0] AndroidManifest.xml:20:5-24:19
MERGED from [com.android.support:support-v4:23.0.1] AndroidManifest.xml:22:5-20
MERGED from [com.google.android.gms:play-services-identity:7.5.0] AndroidManifest.xml:19:5-20
MERGED from [com.google.android.gms:play-services-base:7.5.0] AndroidManifest.xml:20:5-24:19
MERGED from [com.android.support:support-v4:23.0.1] AndroidManifest.xml:22:5-20
MERGED from [com.google.android.gms:play-services-location:7.5.0] AndroidManifest.xml:19:5-20
MERGED from [com.google.android.gms:play-services-base:7.5.0] AndroidManifest.xml:20:5-24:19
MERGED from [com.android.support:support-v4:23.0.1] AndroidManifest.xml:22:5-20
MERGED from [com.google.android.gms:play-services-maps:7.5.0] AndroidManifest.xml:29:5-20
MERGED from [com.google.android.gms:play-services-base:7.5.0] AndroidManifest.xml:20:5-24:19
MERGED from [com.android.support:support-v4:23.0.1] AndroidManifest.xml:22:5-20
MERGED from [com.google.android.gms:play-services-maps:7.5.0] AndroidManifest.xml:29:5-20
MERGED from [com.google.android.gms:play-services-base:7.5.0] AndroidManifest.xml:20:5-24:19
MERGED from [com.android.support:support-v4:23.0.1] AndroidManifest.xml:22:5-20
MERGED from [com.google.android.gms:play-services-nearby:7.5.0] AndroidManifest.xml:20:5-20
MERGED from [com.google.android.gms:play-services-base:7.5.0] AndroidManifest.xml:20:5-24:19
MERGED from [com.android.support:support-v4:23.0.1] AndroidManifest.xml:22:5-20
MERGED from [com.google.android.gms:play-services-panorama:7.5.0] AndroidManifest.xml:19:5-20
MERGED from [com.google.android.gms:play-services-base:7.5.0] AndroidManifest.xml:20:5-24:19
MERGED from [com.android.support:support-v4:23.0.1] AndroidManifest.xml:22:5-20
MERGED from [com.google.android.gms:play-services-plus:7.5.0] AndroidManifest.xml:19:5-20
MERGED from [com.google.android.gms:play-services-base:7.5.0] AndroidManifest.xml:20:5-24:19
MERGED from [com.android.support:support-v4:23.0.1] AndroidManifest.xml:22:5-20
MERGED from [com.google.android.gms:play-services-safetynet:7.5.0] AndroidManifest.xml:19:5-20
MERGED from [com.google.android.gms:play-services-base:7.5.0] AndroidManifest.xml:20:5-24:19
MERGED from [com.android.support:support-v4:23.0.1] AndroidManifest.xml:22:5-20
MERGED from [com.google.android.gms:play-services-wallet:7.5.0] AndroidManifest.xml:24:5-35:19
MERGED from [com.google.android.gms:play-services-base:7.5.0] AndroidManifest.xml:20:5-24:19
MERGED from [com.android.support:support-v4:23.0.1] AndroidManifest.xml:22:5-20
MERGED from [com.google.android.gms:play-services-identity:7.5.0] AndroidManifest.xml:19:5-20
MERGED from [com.google.android.gms:play-services-base:7.5.0] AndroidManifest.xml:20:5-24:19
MERGED from [com.android.support:support-v4:23.0.1] AndroidManifest.xml:22:5-20
MERGED from [com.google.android.gms:play-services-maps:7.5.0] AndroidManifest.xml:29:5-20
MERGED from [com.google.android.gms:play-services-base:7.5.0] AndroidManifest.xml:20:5-24:19
MERGED from [com.android.support:support-v4:23.0.1] AndroidManifest.xml:22:5-20
MERGED from [com.google.android.gms:play-services-wearable:7.5.0] AndroidManifest.xml:19:5-20
MERGED from [com.google.android.gms:play-services-base:7.5.0] AndroidManifest.xml:20:5-24:19
MERGED from [com.android.support:support-v4:23.0.1] AndroidManifest.xml:22:5-20
	android:label
		ADDED from src/main/AndroidManifest.xml:10:9-41
	android:supportsRtl
		ADDED from src/main/AndroidManifest.xml:11:9-35
	android:allowBackup
		ADDED from src/main/AndroidManifest.xml:8:9-35
	android:icon
		ADDED from src/main/AndroidManifest.xml:9:9-46
	android:largeHeap
		ADDED from src/main/AndroidManifest.xml:12:9-33
	android:theme
		ADDED from src/main/AndroidManifest.xml:14:9-59
	android:name
		ADDED from src/main/AndroidManifest.xml:13:9-68
activity#com.smart.tsoglani.androidmouse.MainActivity
ADDED from src/main/AndroidManifest.xml:15:9-23:20
	android:label
		ADDED from src/main/AndroidManifest.xml:17:13-45
	android:name
		ADDED from src/main/AndroidManifest.xml:16:13-41
intent-filter#android.intent.action.MAIN+android.intent.category.LAUNCHER
ADDED from src/main/AndroidManifest.xml:18:13-22:29
action#android.intent.action.MAIN
ADDED from src/main/AndroidManifest.xml:19:17-69
	android:name
		ADDED from src/main/AndroidManifest.xml:19:25-66
category#android.intent.category.LAUNCHER
ADDED from src/main/AndroidManifest.xml:21:17-77
	android:name
		ADDED from src/main/AndroidManifest.xml:21:27-74
activity#com.smart.tsoglani.androidmouse.MouseView
ADDED from src/main/AndroidManifest.xml:26:9-32:20
	android:label
		ADDED from src/main/AndroidManifest.xml:28:13-62
	android:theme
		ADDED from src/main/AndroidManifest.xml:29:13-44
	android:name
		ADDED from src/main/AndroidManifest.xml:27:13-38
meta-data#com.google.android.gms.version
ADDED from src/main/AndroidManifest.xml:34:9-36:69
MERGED from [com.google.android.gms:play-services-base:7.5.0] AndroidManifest.xml:21:9-23:69
MERGED from [com.google.android.gms:play-services-base:7.5.0] AndroidManifest.xml:21:9-23:69
MERGED from [com.google.android.gms:play-services-base:7.5.0] AndroidManifest.xml:21:9-23:69
MERGED from [com.google.android.gms:play-services-base:7.5.0] AndroidManifest.xml:21:9-23:69
MERGED from [com.google.android.gms:play-services-base:7.5.0] AndroidManifest.xml:21:9-23:69
MERGED from [com.google.android.gms:play-services-base:7.5.0] AndroidManifest.xml:21:9-23:69
MERGED from [com.google.android.gms:play-services-base:7.5.0] AndroidManifest.xml:21:9-23:69
MERGED from [com.google.android.gms:play-services-base:7.5.0] AndroidManifest.xml:21:9-23:69
MERGED from [com.google.android.gms:play-services-base:7.5.0] AndroidManifest.xml:21:9-23:69
MERGED from [com.google.android.gms:play-services-base:7.5.0] AndroidManifest.xml:21:9-23:69
MERGED from [com.google.android.gms:play-services-base:7.5.0] AndroidManifest.xml:21:9-23:69
MERGED from [com.google.android.gms:play-services-base:7.5.0] AndroidManifest.xml:21:9-23:69
MERGED from [com.google.android.gms:play-services-base:7.5.0] AndroidManifest.xml:21:9-23:69
MERGED from [com.google.android.gms:play-services-base:7.5.0] AndroidManifest.xml:21:9-23:69
MERGED from [com.google.android.gms:play-services-base:7.5.0] AndroidManifest.xml:21:9-23:69
MERGED from [com.google.android.gms:play-services-base:7.5.0] AndroidManifest.xml:21:9-23:69
MERGED from [com.google.android.gms:play-services-base:7.5.0] AndroidManifest.xml:21:9-23:69
MERGED from [com.google.android.gms:play-services-base:7.5.0] AndroidManifest.xml:21:9-23:69
MERGED from [com.google.android.gms:play-services-base:7.5.0] AndroidManifest.xml:21:9-23:69
MERGED from [com.google.android.gms:play-services-base:7.5.0] AndroidManifest.xml:21:9-23:69
MERGED from [com.google.android.gms:play-services-base:7.5.0] AndroidManifest.xml:21:9-23:69
MERGED from [com.google.android.gms:play-services-base:7.5.0] AndroidManifest.xml:21:9-23:69
MERGED from [com.google.android.gms:play-services-base:7.5.0] AndroidManifest.xml:21:9-23:69
MERGED from [com.google.android.gms:play-services-base:7.5.0] AndroidManifest.xml:21:9-23:69
MERGED from [com.google.android.gms:play-services-base:7.5.0] AndroidManifest.xml:21:9-23:69
MERGED from [com.google.android.gms:play-services-base:7.5.0] AndroidManifest.xml:21:9-23:69
MERGED from [com.google.android.gms:play-services-base:7.5.0] AndroidManifest.xml:21:9-23:69
	android:value
		ADDED from src/main/AndroidManifest.xml:36:13-66
	android:name
		ADDED from src/main/AndroidManifest.xml:35:13-58
service#com.smart.tsoglani.androidmouse.WearService
ADDED from src/main/AndroidManifest.xml:40:9-47:19
	android:name
		ADDED from src/main/AndroidManifest.xml:40:18-45
intent-filter#com.google.android.gms.wearable.CHANNEL_EVENT+com.google.android.gms.wearable.DATA_CHANGED+com.google.android.gms.wearable.MESSAGE_RECEIVED
ADDED from src/main/AndroidManifest.xml:41:13-46:29
action#com.google.android.gms.wearable.DATA_CHANGED
ADDED from src/main/AndroidManifest.xml:42:17-87
	android:name
		ADDED from src/main/AndroidManifest.xml:42:25-84
action#com.google.android.gms.wearable.MESSAGE_RECEIVED
ADDED from src/main/AndroidManifest.xml:43:17-91
	android:name
		ADDED from src/main/AndroidManifest.xml:43:25-88
action#com.google.android.gms.wearable.CHANNEL_EVENT
ADDED from src/main/AndroidManifest.xml:44:17-88
	android:name
		ADDED from src/main/AndroidManifest.xml:44:25-85
data
ADDED from src/main/AndroidManifest.xml:45:17-65
	android:host
		ADDED from src/main/AndroidManifest.xml:45:45-61
	android:scheme
		ADDED from src/main/AndroidManifest.xml:45:23-44
uses-sdk
INJECTED from src/main/AndroidManifest.xml reason: use-sdk injection requested
MERGED from [com.android.support:multidex:1.0.1] AndroidManifest.xml:18:5-42
MERGED from [com.google.android.support:wearable:2.0.0-alpha2] AndroidManifest.xml:4:5-72
MERGED from [com.android.support:support-v4:23.0.1] AndroidManifest.xml:20:5-43
MERGED from [com.android.support:recyclerview-v7:23.0.1] AndroidManifest.xml:20:5-43
MERGED from [com.android.support:support-v4:23.0.1] AndroidManifest.xml:20:5-43
MERGED from [com.android.support:multidex:1.0.1] AndroidManifest.xml:18:5-42
MERGED from [com.google.android.gms:play-services:7.5.0] AndroidManifest.xml:18:5-42
MERGED from [com.google.android.gms:play-services-ads:7.5.0] AndroidManifest.xml:23:5-42
MERGED from [com.google.android.gms:play-services-base:7.5.0] AndroidManifest.xml:18:5-42
MERGED from [com.android.support:support-v4:23.0.1] AndroidManifest.xml:20:5-43
MERGED from [com.google.android.gms:play-services-analytics:7.5.0] AndroidManifest.xml:18:5-42
MERGED from [com.google.android.gms:play-services-base:7.5.0] AndroidManifest.xml:18:5-42
MERGED from [com.android.support:support-v4:23.0.1] AndroidManifest.xml:20:5-43
MERGED from [com.google.android.gms:play-services-analytics:7.5.0] AndroidManifest.xml:18:5-42
MERGED from [com.google.android.gms:play-services-base:7.5.0] AndroidManifest.xml:18:5-42
MERGED from [com.android.support:support-v4:23.0.1] AndroidManifest.xml:20:5-43
MERGED from [com.google.android.gms:play-services-appindexing:7.5.0] AndroidManifest.xml:18:5-42
MERGED from [com.google.android.gms:play-services-base:7.5.0] AndroidManifest.xml:18:5-42
MERGED from [com.android.support:support-v4:23.0.1] AndroidManifest.xml:20:5-43
MERGED from [com.google.android.gms:play-services-appinvite:7.5.0] AndroidManifest.xml:18:5-42
MERGED from [com.google.android.gms:play-services-base:7.5.0] AndroidManifest.xml:18:5-42
MERGED from [com.android.support:support-v4:23.0.1] AndroidManifest.xml:20:5-43
MERGED from [com.google.android.gms:play-services-appstate:7.5.0] AndroidManifest.xml:18:5-42
MERGED from [com.google.android.gms:play-services-base:7.5.0] AndroidManifest.xml:18:5-42
MERGED from [com.android.support:support-v4:23.0.1] AndroidManifest.xml:20:5-43
MERGED from [com.google.android.gms:play-services-base:7.5.0] AndroidManifest.xml:18:5-42
MERGED from [com.android.support:support-v4:23.0.1] AndroidManifest.xml:20:5-43
MERGED from [com.google.android.gms:play-services-cast:7.5.0] AndroidManifest.xml:18:5-42
MERGED from [com.google.android.gms:play-services-base:7.5.0] AndroidManifest.xml:18:5-42
MERGED from [com.android.support:support-v4:23.0.1] AndroidManifest.xml:20:5-43
MERGED from [com.android.support:mediarouter-v7:22.0.0] AndroidManifest.xml:20:5-43
MERGED from [com.android.support:appcompat-v7:22.0.0] AndroidManifest.xml:20:5-43
MERGED from [com.android.support:support-v4:23.0.1] AndroidManifest.xml:20:5-43
MERGED from [com.google.android.gms:play-services-drive:7.5.0] AndroidManifest.xml:18:5-42
MERGED from [com.google.android.gms:play-services-base:7.5.0] AndroidManifest.xml:18:5-42
MERGED from [com.android.support:support-v4:23.0.1] AndroidManifest.xml:20:5-43
MERGED from [com.google.android.gms:play-services-fitness:7.5.0] AndroidManifest.xml:18:5-42
MERGED from [com.google.android.gms:play-services-base:7.5.0] AndroidManifest.xml:18:5-42
MERGED from [com.android.support:support-v4:23.0.1] AndroidManifest.xml:20:5-43
MERGED from [com.google.android.gms:play-services-location:7.5.0] AndroidManifest.xml:18:5-42
MERGED from [com.google.android.gms:play-services-base:7.5.0] AndroidManifest.xml:18:5-42
MERGED from [com.android.support:support-v4:23.0.1] AndroidManifest.xml:20:5-43
MERGED from [com.google.android.gms:play-services-maps:7.5.0] AndroidManifest.xml:28:5-42
MERGED from [com.google.android.gms:play-services-base:7.5.0] AndroidManifest.xml:18:5-42
MERGED from [com.android.support:support-v4:23.0.1] AndroidManifest.xml:20:5-43
MERGED from [com.google.android.gms:play-services-games:7.5.0] AndroidManifest.xml:18:5-42
MERGED from [com.google.android.gms:play-services-base:7.5.0] AndroidManifest.xml:18:5-42
MERGED from [com.android.support:support-v4:23.0.1] AndroidManifest.xml:20:5-43
MERGED from [com.google.android.gms:play-services-drive:7.5.0] AndroidManifest.xml:18:5-42
MERGED from [com.google.android.gms:play-services-base:7.5.0] AndroidManifest.xml:18:5-42
MERGED from [com.android.support:support-v4:23.0.1] AndroidManifest.xml:20:5-43
MERGED from [com.google.android.gms:play-services-gcm:7.5.0] AndroidManifest.xml:18:5-42
MERGED from [com.google.android.gms:play-services-base:7.5.0] AndroidManifest.xml:18:5-42
MERGED from [com.android.support:support-v4:23.0.1] AndroidManifest.xml:20:5-43
MERGED from [com.google.android.gms:play-services-identity:7.5.0] AndroidManifest.xml:18:5-42
MERGED from [com.google.android.gms:play-services-base:7.5.0] AndroidManifest.xml:18:5-42
MERGED from [com.android.support:support-v4:23.0.1] AndroidManifest.xml:20:5-43
MERGED from [com.google.android.gms:play-services-location:7.5.0] AndroidManifest.xml:18:5-42
MERGED from [com.google.android.gms:play-services-base:7.5.0] AndroidManifest.xml:18:5-42
MERGED from [com.android.support:support-v4:23.0.1] AndroidManifest.xml:20:5-43
MERGED from [com.google.android.gms:play-services-maps:7.5.0] AndroidManifest.xml:28:5-42
MERGED from [com.google.android.gms:play-services-base:7.5.0] AndroidManifest.xml:18:5-42
MERGED from [com.android.support:support-v4:23.0.1] AndroidManifest.xml:20:5-43
MERGED from [com.google.android.gms:play-services-maps:7.5.0] AndroidManifest.xml:28:5-42
MERGED from [com.google.android.gms:play-services-base:7.5.0] AndroidManifest.xml:18:5-42
MERGED from [com.android.support:support-v4:23.0.1] AndroidManifest.xml:20:5-43
MERGED from [com.google.android.gms:play-services-nearby:7.5.0] AndroidManifest.xml:18:5-42
MERGED from [com.google.android.gms:play-services-base:7.5.0] AndroidManifest.xml:18:5-42
MERGED from [com.android.support:support-v4:23.0.1] AndroidManifest.xml:20:5-43
MERGED from [com.google.android.gms:play-services-panorama:7.5.0] AndroidManifest.xml:18:5-42
MERGED from [com.google.android.gms:play-services-base:7.5.0] AndroidManifest.xml:18:5-42
MERGED from [com.android.support:support-v4:23.0.1] AndroidManifest.xml:20:5-43
MERGED from [com.google.android.gms:play-services-plus:7.5.0] AndroidManifest.xml:18:5-42
MERGED from [com.google.android.gms:play-services-base:7.5.0] AndroidManifest.xml:18:5-42
MERGED from [com.android.support:support-v4:23.0.1] AndroidManifest.xml:20:5-43
MERGED from [com.google.android.gms:play-services-safetynet:7.5.0] AndroidManifest.xml:18:5-42
MERGED from [com.google.android.gms:play-services-base:7.5.0] AndroidManifest.xml:18:5-42
MERGED from [com.android.support:support-v4:23.0.1] AndroidManifest.xml:20:5-43
MERGED from [com.google.android.gms:play-services-wallet:7.5.0] AndroidManifest.xml:19:5-42
MERGED from [com.google.android.gms:play-services-base:7.5.0] AndroidManifest.xml:18:5-42
MERGED from [com.android.support:support-v4:23.0.1] AndroidManifest.xml:20:5-43
MERGED from [com.google.android.gms:play-services-identity:7.5.0] AndroidManifest.xml:18:5-42
MERGED from [com.google.android.gms:play-services-base:7.5.0] AndroidManifest.xml:18:5-42
MERGED from [com.android.support:support-v4:23.0.1] AndroidManifest.xml:20:5-43
MERGED from [com.google.android.gms:play-services-maps:7.5.0] AndroidManifest.xml:28:5-42
MERGED from [com.google.android.gms:play-services-base:7.5.0] AndroidManifest.xml:18:5-42
MERGED from [com.android.support:support-v4:23.0.1] AndroidManifest.xml:20:5-43
MERGED from [com.google.android.gms:play-services-wearable:7.5.0] AndroidManifest.xml:18:5-42
MERGED from [com.google.android.gms:play-services-base:7.5.0] AndroidManifest.xml:18:5-42
MERGED from [com.android.support:support-v4:23.0.1] AndroidManifest.xml:20:5-43
	android:targetSdkVersion
		INJECTED from src/main/AndroidManifest.xml
		INJECTED from src/main/AndroidManifest.xml
	android:minSdkVersion
		INJECTED from src/main/AndroidManifest.xml
		INJECTED from src/main/AndroidManifest.xml
uses-permission#android.permission.INTERNET
ADDED from [com.google.android.gms:play-services-ads:7.5.0] AndroidManifest.xml:20:5-66
MERGED from [com.google.android.gms:play-services-analytics:7.5.0] AndroidManifest.xml:21:5-67
MERGED from [com.google.android.gms:play-services-analytics:7.5.0] AndroidManifest.xml:21:5-67
MERGED from [com.google.android.gms:play-services-appinvite:7.5.0] AndroidManifest.xml:19:5-67
MERGED from [com.google.android.gms:play-services-maps:7.5.0] AndroidManifest.xml:21:5-66
MERGED from [com.google.android.gms:play-services-maps:7.5.0] AndroidManifest.xml:21:5-66
MERGED from [com.google.android.gms:play-services-maps:7.5.0] AndroidManifest.xml:21:5-66
MERGED from [com.google.android.gms:play-services-wallet:7.5.0] AndroidManifest.xml:20:5-66
MERGED from [com.google.android.gms:play-services-maps:7.5.0] AndroidManifest.xml:21:5-66
	android:name
		ADDED from [com.google.android.gms:play-services-ads:7.5.0] AndroidManifest.xml:20:22-64
uses-permission#android.permission.ACCESS_NETWORK_STATE
ADDED from [com.google.android.gms:play-services-ads:7.5.0] AndroidManifest.xml:21:5-78
MERGED from [com.google.android.gms:play-services-analytics:7.5.0] AndroidManifest.xml:22:5-79
MERGED from [com.google.android.gms:play-services-analytics:7.5.0] AndroidManifest.xml:22:5-79
MERGED from [com.google.android.gms:play-services-maps:7.5.0] AndroidManifest.xml:20:5-78
MERGED from [com.google.android.gms:play-services-maps:7.5.0] AndroidManifest.xml:20:5-78
MERGED from [com.google.android.gms:play-services-maps:7.5.0] AndroidManifest.xml:20:5-78
MERGED from [com.google.android.gms:play-services-nearby:7.5.0] AndroidManifest.xml:19:5-79
MERGED from [com.google.android.gms:play-services-maps:7.5.0] AndroidManifest.xml:20:5-78
	android:name
		ADDED from [com.google.android.gms:play-services-ads:7.5.0] AndroidManifest.xml:21:22-76
activity#com.google.android.gms.ads.AdActivity
ADDED from [com.google.android.gms:play-services-ads:7.5.0] AndroidManifest.xml:26:9-29:64
	android:configChanges
		ADDED from [com.google.android.gms:play-services-ads:7.5.0] AndroidManifest.xml:28:13-122
	android:theme
		ADDED from [com.google.android.gms:play-services-ads:7.5.0] AndroidManifest.xml:29:13-61
	android:name
		ADDED from [com.google.android.gms:play-services-ads:7.5.0] AndroidManifest.xml:27:13-65
activity#com.google.android.gms.ads.purchase.InAppPurchaseActivity
ADDED from [com.google.android.gms:play-services-ads:7.5.0] AndroidManifest.xml:30:9-31:52
	android:theme
		ADDED from [com.google.android.gms:play-services-ads:7.5.0] AndroidManifest.xml:31:13-50
	android:name
		ADDED from [com.google.android.gms:play-services-ads:7.5.0] AndroidManifest.xml:30:19-91
uses-permission#android.permission.WRITE_EXTERNAL_STORAGE
ADDED from [com.google.android.gms:play-services-maps:7.5.0] AndroidManifest.xml:22:5-80
MERGED from [com.google.android.gms:play-services-maps:7.5.0] AndroidManifest.xml:22:5-80
MERGED from [com.google.android.gms:play-services-maps:7.5.0] AndroidManifest.xml:22:5-80
MERGED from [com.google.android.gms:play-services-maps:7.5.0] AndroidManifest.xml:22:5-80
	android:name
		ADDED from [com.google.android.gms:play-services-maps:7.5.0] AndroidManifest.xml:22:22-78
uses-permission#android.permission.ACCESS_COARSE_LOCATION
ADDED from [com.google.android.gms:play-services-maps:7.5.0] AndroidManifest.xml:23:5-80
MERGED from [com.google.android.gms:play-services-maps:7.5.0] AndroidManifest.xml:23:5-80
MERGED from [com.google.android.gms:play-services-maps:7.5.0] AndroidManifest.xml:23:5-80
MERGED from [com.google.android.gms:play-services-maps:7.5.0] AndroidManifest.xml:23:5-80
	android:name
		ADDED from [com.google.android.gms:play-services-maps:7.5.0] AndroidManifest.xml:23:22-78
uses-feature#0x00020000
ADDED from [com.google.android.gms:play-services-maps:7.5.0] AndroidManifest.xml:24:5-26:33
MERGED from [com.google.android.gms:play-services-maps:7.5.0] AndroidManifest.xml:24:5-26:33
MERGED from [com.google.android.gms:play-services-maps:7.5.0] AndroidManifest.xml:24:5-26:33
MERGED from [com.google.android.gms:play-services-maps:7.5.0] AndroidManifest.xml:24:5-26:33
	android:glEsVersion
		ADDED from [com.google.android.gms:play-services-maps:7.5.0] AndroidManifest.xml:25:8-40
	android:required
		ADDED from [com.google.android.gms:play-services-maps:7.5.0] AndroidManifest.xml:26:8-31
android:uses-permission#android.permission.READ_EXTERNAL_STORAGE
IMPLIED from src/main/AndroidManifest.xml:2:1-57:12 reason: com.google.android.gms.maps requested WRITE_EXTERNAL_STORAGE
uses-permission#android.permission.GET_ACCOUNTS
ADDED from [com.google.android.gms:play-services-wallet:7.5.0] AndroidManifest.xml:21:5-70
	android:name
		ADDED from [com.google.android.gms:play-services-wallet:7.5.0] AndroidManifest.xml:21:22-68
uses-permission#android.permission.USE_CREDENTIALS
ADDED from [com.google.android.gms:play-services-wallet:7.5.0] AndroidManifest.xml:22:5-73
	android:name
		ADDED from [com.google.android.gms:play-services-wallet:7.5.0] AndroidManifest.xml:22:22-71
meta-data#com.google.android.gms.wallet.api.enabled
ADDED from [com.google.android.gms:play-services-wallet:7.5.0] AndroidManifest.xml:25:9-27:36
	android:value
		ADDED from [com.google.android.gms:play-services-wallet:7.5.0] AndroidManifest.xml:27:13-33
	android:name
		ADDED from [com.google.android.gms:play-services-wallet:7.5.0] AndroidManifest.xml:26:13-69
receiver#com.google.android.gms.wallet.EnableWalletOptimizationReceiver
ADDED from [com.google.android.gms:play-services-wallet:7.5.0] AndroidManifest.xml:28:9-34:20
	android:exported
		ADDED from [com.google.android.gms:play-services-wallet:7.5.0] AndroidManifest.xml:30:13-37
	android:name
		ADDED from [com.google.android.gms:play-services-wallet:7.5.0] AndroidManifest.xml:29:13-90
intent-filter#com.google.android.gms.wallet.ENABLE_WALLET_OPTIMIZATION
ADDED from [com.google.android.gms:play-services-wallet:7.5.0] AndroidManifest.xml:31:13-33:29
action#com.google.android.gms.wallet.ENABLE_WALLET_OPTIMIZATION
ADDED from [com.google.android.gms:play-services-wallet:7.5.0] AndroidManifest.xml:32:17-99
	android:name
		ADDED from [com.google.android.gms:play-services-wallet:7.5.0] AndroidManifest.xml:32:25-96